# JRE version: LibericaJDK Runtime Environment (8.0_212-b12) (build 1.8.0_212-BellSoft-b12)
# Java VM: LibericaJDK 64-Bit Server VM (25.212-b12 mixed mode windows-amd64 compressed oops)
Heap:
 PSYoungGen      total 593920K, used 332132K [0x00000000d5580000, 0x0000000100000000, 0x0000000100000000)
  eden space 495104K, 66% used [0x00000000d5580000,0x00000000e97baef8,0x00000000f3900000)
  from space 98816K, 2% used [0x00000000f9980000,0x00000000f9b9e300,0x00000000ffa00000)
  to   space 98816K, 0% used [0x00000000f3900000,0x00000000f3900000,0x00000000f9980000)
 ParOldGen       total 521216K, used 184166K [0x0000000080000000, 0x000000009fd00000, 0x00000000d5580000)
  object space 521216K, 35% used [0x0000000080000000,0x000000008b3d9978,0x000000009fd00000)
 Metaspace       used 70371K, capacity 71526K, committed 71700K, reserved 1112064K
  class space    used 8185K, capacity 8498K, committed 8508K, reserved 1048576K
GC Heap History (10 events):
Event: 1048.737 GC heap before
{Heap before GC invocations=17 (full 3):
 PSYoungGen      total 582656K, used 496517K [0x00000000d5580000, 0x00000000ff880000, 0x0000000100000000)
  eden space 477696K, 100% used [0x00000000d5580000,0x00000000f2800000,0x00000000f2800000)
  from space 104960K, 17% used [0x00000000f2800000,0x00000000f3a614b8,0x00000000f8e80000)
  to   space 102912K, 0% used [0x00000000f9400000,0x00000000f9400000,0x00000000ff880000)
 ParOldGen       total 521216K, used 177480K [0x0000000080000000, 0x000000009fd00000, 0x00000000d5580000)
  object space 521216K, 34% used [0x0000000080000000,0x000000008ad52198,0x000000009fd00000)
 Metaspace       used 69684K, capacity 70796K, committed 71188K, reserved 1112064K
  class space    used 8165K, capacity 8463K, committed 8508K, reserved 1048576K
Event: 1048.821 GC heap after
Heap after GC invocations=17 (full 3):
 PSYoungGen      total 588800K, used 55162K [0x00000000d5580000, 0x00000000ffd00000, 0x0000000100000000)
  eden space 485888K, 0% used [0x00000000d5580000,0x00000000d5580000,0x00000000f3000000)
  from space 102912K, 53% used [0x00000000f9400000,0x00000000fc9dea60,0x00000000ff880000)
  to   space 102400K, 0% used [0x00000000f3000000,0x00000000f3000000,0x00000000f9400000)
 ParOldGen       total 521216K, used 177512K [0x0000000080000000, 0x000000009fd00000, 0x00000000d5580000)
  object space 521216K, 34% used [0x0000000080000000,0x000000008ad5a198,0x000000009fd00000)
 Metaspace       used 69684K, capacity 70796K, committed 71188K, reserved 1112064K
  class space    used 8165K, capacity 8463K, committed 8508K, reserved 1048576K
}
Event: 1053.949 GC heap before
{Heap before GC invocations=18 (full 3):
 PSYoungGen      total 588800K, used 540933K [0x00000000d5580000, 0x00000000ffd00000, 0x0000000100000000)
  eden space 485888K, 99% used [0x00000000d5580000,0x00000000f2fe29a8,0x00000000f3000000)
  from space 102912K, 53% used [0x00000000f9400000,0x00000000fc9dea60,0x00000000ff880000)
  to   space 102400K, 0% used [0x00000000f3000000,0x00000000f3000000,0x00000000f9400000)
 ParOldGen       total 521216K, used 177512K [0x0000000080000000, 0x000000009fd00000, 0x00000000d5580000)
  object space 521216K, 34% used [0x0000000080000000,0x000000008ad5a198,0x000000009fd00000)
 Metaspace       used 69741K, capacity 70884K, committed 71188K, reserved 1112064K
  class space    used 8168K, capacity 8468K, committed 8508K, reserved 1048576K
Event: 1054.002 GC heap after
Heap after GC invocations=18 (full 3):
 PSYoungGen      total 588288K, used 5169K [0x00000000d5580000, 0x00000000fff80000, 0x0000000100000000)
  eden space 485888K, 0% used [0x00000000d5580000,0x00000000d5580000,0x00000000f3000000)
  from space 102400K, 5% used [0x00000000f3000000,0x00000000f350c490,0x00000000f9400000)
  to   space 102400K, 0% used [0x00000000f9b80000,0x00000000f9b80000,0x00000000fff80000)
 ParOldGen       total 521216K, used 182754K [0x0000000080000000, 0x000000009fd00000, 0x00000000d5580000)
  object space 521216K, 35% used [0x0000000080000000,0x000000008b278830,0x000000009fd00000)
 Metaspace       used 69741K, capacity 70884K, committed 71188K, reserved 1112064K
  class space    used 8168K, capacity 8468K, committed 8508K, reserved 1048576K
}
Event: 1057.056 GC heap before
{Heap before GC invocations=19 (full 3):
 PSYoungGen      total 588288K, used 491057K [0x00000000d5580000, 0x00000000fff80000, 0x0000000100000000)
  eden space 485888K, 100% used [0x00000000d5580000,0x00000000f3000000,0x00000000f3000000)
  from space 102400K, 5% used [0x00000000f3000000,0x00000000f350c490,0x00000000f9400000)
  to   space 102400K, 0% used [0x00000000f9b80000,0x00000000f9b80000,0x00000000fff80000)
 ParOldGen       total 521216K, used 182754K [0x0000000080000000, 0x000000009fd00000, 0x00000000d5580000)
  object space 521216K, 35% used [0x0000000080000000,0x000000008b278830,0x000000009fd00000)
 Metaspace       used 69759K, capacity 70884K, committed 71188K, reserved 1112064K
  class space    used 8168K, capacity 8468K, committed 8508K, reserved 1048576K
Event: 1057.109 GC heap after
Heap after GC invocations=19 (full 3):
 PSYoungGen      total 595968K, used 54668K [0x00000000d5580000, 0x00000000fff00000, 0x0000000100000000)
  eden space 494080K, 0% used [0x00000000d5580000,0x00000000d5580000,0x00000000f3800000)
  from space 101888K, 53% used [0x00000000f9b80000,0x00000000fd0e3340,0x00000000fff00000)
  to   space 101888K, 0% used [0x00000000f3800000,0x00000000f3800000,0x00000000f9b80000)
 ParOldGen       total 521216K, used 183930K [0x0000000080000000, 0x000000009fd00000, 0x00000000d5580000)
  object space 521216K, 35% used [0x0000000080000000,0x000000008b39ea90,0x000000009fd00000)
 Metaspace       used 69759K, capacity 70884K, committed 71188K, reserved 1112064K
  class space    used 8168K, capacity 8468K, committed 8508K, reserved 1048576K
}
Event: 1060.257 GC heap before
{Heap before GC invocations=20 (full 3):
 PSYoungGen      total 595968K, used 548748K [0x00000000d5580000, 0x00000000fff00000, 0x0000000100000000)
  eden space 494080K, 100% used [0x00000000d5580000,0x00000000f3800000,0x00000000f3800000)
  from space 101888K, 53% used [0x00000000f9b80000,0x00000000fd0e3340,0x00000000fff00000)
  to   space 101888K, 0% used [0x00000000f3800000,0x00000000f3800000,0x00000000f9b80000)
 ParOldGen       total 521216K, used 183930K [0x0000000080000000, 0x000000009fd00000, 0x00000000d5580000)
  object space 521216K, 35% used [0x0000000080000000,0x000000008b39ea90,0x000000009fd00000)
 Metaspace       used 70099K, capacity 71160K, committed 71444K, reserved 1112064K
  class space    used 8169K, capacity 8470K, committed 8508K, reserved 1048576K
Event: 1060.304 GC heap after
Heap after GC invocations=20 (full 3):
 PSYoungGen      total 517120K, used 22881K [0x00000000d5580000, 0x00000000ffa00000, 0x0000000100000000)
  eden space 494080K, 0% used [0x00000000d5580000,0x00000000d5580000,0x00000000f3800000)
  from space 23040K, 99% used [0x00000000f3800000,0x00000000f4e584b8,0x00000000f4e80000)
  to   space 98816K, 0% used [0x00000000f9980000,0x00000000f9980000,0x00000000ffa00000)
 ParOldGen       total 521216K, used 184042K [0x0000000080000000, 0x000000009fd00000, 0x00000000d5580000)
  object space 521216K, 35% used [0x0000000080000000,0x000000008b3ba968,0x000000009fd00000)
 Metaspace       used 70099K, capacity 71160K, committed 71444K, reserved 1112064K
  class space    used 8169K, capacity 8470K, committed 8508K, reserved 1048576K
}
Event: 1062.829 GC heap before
{Heap before GC invocations=21 (full 3):
 PSYoungGen      total 517120K, used 516961K [0x00000000d5580000, 0x00000000ffa00000, 0x0000000100000000)
  eden space 494080K, 100% used [0x00000000d5580000,0x00000000f3800000,0x00000000f3800000)
  from space 23040K, 99% used [0x00000000f3800000,0x00000000f4e584b8,0x00000000f4e80000)
  to   space 98816K, 0% used [0x00000000f9980000,0x00000000f9980000,0x00000000ffa00000)
 ParOldGen       total 521216K, used 184042K [0x0000000080000000, 0x000000009fd00000, 0x00000000d5580000)
  object space 521216K, 35% used [0x0000000080000000,0x000000008b3ba968,0x000000009fd00000)
 Metaspace       used 70114K, capacity 71160K, committed 71444K, reserved 1112064K
  class space    used 8169K, capacity 8470K, committed 8508K, reserved 1048576K
Event: 1062.836 GC heap after
Heap after GC invocations=21 (full 3):
 PSYoungGen      total 593920K, used 2168K [0x00000000d5580000, 0x0000000100000000, 0x0000000100000000)
  eden space 495104K, 0% used [0x00000000d5580000,0x00000000d5580000,0x00000000f3900000)
  from space 98816K, 2% used [0x00000000f9980000,0x00000000f9b9e300,0x00000000ffa00000)
  to   space 98816K, 0% used [0x00000000f3900000,0x00000000f3900000,0x00000000f9980000)
 ParOldGen       total 521216K, used 184166K [0x0000000080000000, 0x000000009fd00000, 0x00000000d5580000)
  object space 521216K, 35% used [0x0000000080000000,0x000000008b3d9978,0x000000009fd00000)
 Metaspace       used 70114K, capacity 71160K, committed 71444K, reserved 1112064K
  class space    used 8169K, capacity 8470K, committed 8508K, reserved 1048576K
}

