# JRE version: LibericaJDK Runtime Environment (8.0_212-b12) (build 1.8.0_212-BellSoft-b12)
# Java VM: LibericaJDK 64-Bit Server VM (25.212-b12 mixed mode windows-amd64 compressed oops)
Heap:
 PSYoungGen      total 620032K, used 525823K [0x00000000d5580000, 0x0000000100000000, 0x0000000100000000)
  eden space 543232K, 89% used [0x00000000d5580000,0x00000000f2df5150,0x00000000f6800000)
  from space 76800K, 54% used [0x00000000fb500000,0x00000000fde0ae78,0x0000000100000000)
  to   space 77824K, 0% used [0x00000000f6800000,0x00000000f6800000,0x00000000fb400000)
 ParOldGen       total 483328K, used 180908K [0x0000000080000000, 0x000000009d800000, 0x00000000d5580000)
  object space 483328K, 37% used [0x0000000080000000,0x000000008b0ab0b0,0x000000009d800000)
 Metaspace       used 70729K, capacity 72040K, committed 72280K, reserved 1114112K
  class space    used 8223K, capacity 8575K, committed 8576K, reserved 1048576K
GC Heap History (10 events):
Event: 492.188 GC heap before
{Heap before GC invocations=25 (full 3):
 PSYoungGen      total 609280K, used 542167K [0x00000000d5580000, 0x00000000ff880000, 0x0000000100000000)
  eden space 523776K, 100% used [0x00000000d5580000,0x00000000f5500000,0x00000000f5500000)
  from space 85504K, 21% used [0x00000000f5500000,0x00000000f66f5ca8,0x00000000fa880000)
  to   space 81408K, 0% used [0x00000000fa900000,0x00000000fa900000,0x00000000ff880000)
 ParOldGen       total 483328K, used 176417K [0x0000000080000000, 0x000000009d800000, 0x00000000d5580000)
  object space 483328K, 36% used [0x0000000080000000,0x000000008ac48730,0x000000009d800000)
 Metaspace       used 70272K, capacity 71516K, committed 71768K, reserved 1112064K
  class space    used 8214K, capacity 8564K, committed 8576K, reserved 1048576K
Event: 492.220 GC heap after
Heap after GC invocations=25 (full 3):
 PSYoungGen      total 608768K, used 18112K [0x00000000d5580000, 0x00000000ff400000, 0x0000000100000000)
  eden space 531968K, 0% used [0x00000000d5580000,0x00000000d5580000,0x00000000f5d00000)
  from space 76800K, 23% used [0x00000000fa900000,0x00000000fbab0368,0x00000000ff400000)
  to   space 77312K, 0% used [0x00000000f5d00000,0x00000000f5d00000,0x00000000fa880000)
 ParOldGen       total 483328K, used 176433K [0x0000000080000000, 0x000000009d800000, 0x00000000d5580000)
  object space 483328K, 36% used [0x0000000080000000,0x000000008ac4c730,0x000000009d800000)
 Metaspace       used 70272K, capacity 71516K, committed 71768K, reserved 1112064K
  class space    used 8214K, capacity 8564K, committed 8576K, reserved 1048576K
}
Event: 496.337 GC heap before
{Heap before GC invocations=26 (full 3):
 PSYoungGen      total 608768K, used 550080K [0x00000000d5580000, 0x00000000ff400000, 0x0000000100000000)
  eden space 531968K, 100% used [0x00000000d5580000,0x00000000f5d00000,0x00000000f5d00000)
  from space 76800K, 23% used [0x00000000fa900000,0x00000000fbab0368,0x00000000ff400000)
  to   space 77312K, 0% used [0x00000000f5d00000,0x00000000f5d00000,0x00000000fa880000)
 ParOldGen       total 483328K, used 176433K [0x0000000080000000, 0x000000009d800000, 0x00000000d5580000)
  object space 483328K, 36% used [0x0000000080000000,0x000000008ac4c730,0x000000009d800000)
 Metaspace       used 70351K, capacity 71652K, committed 71768K, reserved 1112064K
  class space    used 8222K, capacity 8575K, committed 8576K, reserved 1048576K
Event: 496.366 GC heap after
Heap after GC invocations=26 (full 3):
 PSYoungGen      total 609280K, used 12556K [0x00000000d5580000, 0x00000000ffb80000, 0x0000000100000000)
  eden space 531968K, 0% used [0x00000000d5580000,0x00000000d5580000,0x00000000f5d00000)
  from space 77312K, 16% used [0x00000000f5d00000,0x00000000f69431e8,0x00000000fa880000)
  to   space 74752K, 0% used [0x00000000fb280000,0x00000000fb280000,0x00000000ffb80000)
 ParOldGen       total 483328K, used 180884K [0x0000000080000000, 0x000000009d800000, 0x00000000d5580000)
  object space 483328K, 37% used [0x0000000080000000,0x000000008b0a50b0,0x000000009d800000)
 Metaspace       used 70351K, capacity 71652K, committed 71768K, reserved 1112064K
  class space    used 8222K, capacity 8575K, committed 8576K, reserved 1048576K
}
Event: 499.398 GC heap before
{Heap before GC invocations=27 (full 3):
 PSYoungGen      total 609280K, used 544524K [0x00000000d5580000, 0x00000000ffb80000, 0x0000000100000000)
  eden space 531968K, 100% used [0x00000000d5580000,0x00000000f5d00000,0x00000000f5d00000)
  from space 77312K, 16% used [0x00000000f5d00000,0x00000000f69431e8,0x00000000fa880000)
  to   space 74752K, 0% used [0x00000000fb280000,0x00000000fb280000,0x00000000ffb80000)
 ParOldGen       total 483328K, used 180884K [0x0000000080000000, 0x000000009d800000, 0x00000000d5580000)
  object space 483328K, 37% used [0x0000000080000000,0x000000008b0a50b0,0x000000009d800000)
 Metaspace       used 70556K, capacity 71848K, committed 72024K, reserved 1112064K
  class space    used 8222K, capacity 8575K, committed 8576K, reserved 1048576K
Event: 499.442 GC heap after
Heap after GC invocations=27 (full 3):
 PSYoungGen      total 615936K, used 48662K [0x00000000d5580000, 0x0000000100000000, 0x0000000100000000)
  eden space 541184K, 0% used [0x00000000d5580000,0x00000000d5580000,0x00000000f6600000)
  from space 74752K, 65% used [0x00000000fb280000,0x00000000fe205a38,0x00000000ffb80000)
  to   space 78336K, 0% used [0x00000000f6600000,0x00000000f6600000,0x00000000fb280000)
 ParOldGen       total 483328K, used 180892K [0x0000000080000000, 0x000000009d800000, 0x00000000d5580000)
  object space 483328K, 37% used [0x0000000080000000,0x000000008b0a70b0,0x000000009d800000)
 Metaspace       used 70556K, capacity 71848K, committed 72024K, reserved 1112064K
  class space    used 8222K, capacity 8575K, committed 8576K, reserved 1048576K
}
Event: 533.233 GC heap before
{Heap before GC invocations=28 (full 3):
 PSYoungGen      total 615936K, used 589761K [0x00000000d5580000, 0x0000000100000000, 0x0000000100000000)
  eden space 541184K, 99% used [0x00000000d5580000,0x00000000f65ead28,0x00000000f6600000)
  from space 74752K, 65% used [0x00000000fb280000,0x00000000fe205a38,0x00000000ffb80000)
  to   space 78336K, 0% used [0x00000000f6600000,0x00000000f6600000,0x00000000fb280000)
 ParOldGen       total 483328K, used 180892K [0x0000000080000000, 0x000000009d800000, 0x00000000d5580000)
  object space 483328K, 37% used [0x0000000080000000,0x000000008b0a70b0,0x000000009d800000)
 Metaspace       used 70729K, capacity 72040K, committed 72280K, reserved 1114112K
  class space    used 8223K, capacity 8575K, committed 8576K, reserved 1048576K
Event: 533.249 GC heap after
Heap after GC invocations=28 (full 3):
 PSYoungGen      total 619520K, used 7449K [0x00000000d5580000, 0x0000000100000000, 0x0000000100000000)
  eden space 541184K, 0% used [0x00000000d5580000,0x00000000d5580000,0x00000000f6600000)
  from space 78336K, 9% used [0x00000000f6600000,0x00000000f6d465e0,0x00000000fb280000)
  to   space 76800K, 0% used [0x00000000fb500000,0x00000000fb500000,0x0000000100000000)
 ParOldGen       total 483328K, used 180900K [0x0000000080000000, 0x000000009d800000, 0x00000000d5580000)
  object space 483328K, 37% used [0x0000000080000000,0x000000008b0a90b0,0x000000009d800000)
 Metaspace       used 70729K, capacity 72040K, committed 72280K, reserved 1114112K
  class space    used 8223K, capacity 8575K, committed 8576K, reserved 1048576K
}
Event: 533.905 GC heap before
{Heap before GC invocations=29 (full 3):
 PSYoungGen      total 619520K, used 545497K [0x00000000d5580000, 0x0000000100000000, 0x0000000100000000)
  eden space 541184K, 99% used [0x00000000d5580000,0x00000000f62efe50,0x00000000f6600000)
  from space 78336K, 9% used [0x00000000f6600000,0x00000000f6d465e0,0x00000000fb280000)
  to   space 76800K, 0% used [0x00000000fb500000,0x00000000fb500000,0x0000000100000000)
 ParOldGen       total 483328K, used 180900K [0x0000000080000000, 0x000000009d800000, 0x00000000d5580000)
  object space 483328K, 37% used [0x0000000080000000,0x000000008b0a90b0,0x000000009d800000)
 Metaspace       used 70729K, capacity 72040K, committed 72280K, reserved 1114112K
  class space    used 8223K, capacity 8575K, committed 8576K, reserved 1048576K
Event: 533.934 GC heap after
Heap after GC invocations=29 (full 3):
 PSYoungGen      total 620032K, used 42027K [0x00000000d5580000, 0x0000000100000000, 0x0000000100000000)
  eden space 543232K, 0% used [0x00000000d5580000,0x00000000d5580000,0x00000000f6800000)
  from space 76800K, 54% used [0x00000000fb500000,0x00000000fde0ae78,0x0000000100000000)
  to   space 77824K, 0% used [0x00000000f6800000,0x00000000f6800000,0x00000000fb400000)
 ParOldGen       total 483328K, used 180908K [0x0000000080000000, 0x000000009d800000, 0x00000000d5580000)
  object space 483328K, 37% used [0x0000000080000000,0x000000008b0ab0b0,0x000000009d800000)
 Metaspace       used 70729K, capacity 72040K, committed 72280K, reserved 1114112K
  class space    used 8223K, capacity 8575K, committed 8576K, reserved 1048576K
}

